<?xml version="1.0" encoding="UTF-8"?>
<!-- Generated by org.testng.reporters.JUnitReportReporter -->
<testsuite hostname="DESKTOP-4GPNFVA" failures="0" tests="2" name="testng.test3" time="6.202" errors="0" timestamp="2020-12-23T15:51:08 IST" skipped="0">
  <testcase classname="testng.test3" name="verify1" time="2.964"/>
  <system-out/>
  <testcase classname="testng.test3" name="verify1" time="3.238"/>
  <system-out/>
</testsuite> <!-- testng.test3 -->
