<?xml version="1.0" encoding="UTF-8"?>
<!-- Generated by org.testng.reporters.JUnitReportReporter -->
<testsuite hostname="DESKTOP-4GPNFVA" failures="0" tests="1" name="testng.test1" time="0.008" errors="0" timestamp="2020-12-05T17:32:44 IST" skipped="0">
  <testcase classname="testng.test1" name="sample2" time="0.008"/>
  <system-out/>
</testsuite> <!-- testng.test1 -->
